<?xml version="1.0" encoding="UTF-8"?>
<!-- Generated by org.testng.reporters.JUnitReportReporter -->
<testsuite hostname="Lenovo" failures="0" tests="2" name="com.practice.qa.pages.HomePage" time="67.448" errors="0" timestamp="2022-06-24T15:23:00 IST" skipped="0">
  <testcase classname="com.practice.qa.pages.HomePage" name="basePageNavigation" time="35.389"/>
  <system-out/>
  <testcase classname="com.practice.qa.pages.HomePage" name="basePageNavigation" time="32.059"/>
  <system-out/>
</testsuite> <!-- com.practice.qa.pages.HomePage -->
