<?xml version="1.0" encoding="UTF-8"?>
<!-- Generated by org.testng.reporters.JUnitReportReporter -->
<testsuite hostname="Lenovo" failures="0" tests="2" name="com.practice.qa.testcases.HomePage" time="55.787" errors="0" timestamp="2022-06-24T17:49:44 IST" skipped="0">
  <testcase classname="com.practice.qa.testcases.HomePage" name="basePageNavigation" time="21.690"/>
  <system-out/>
  <testcase classname="com.practice.qa.testcases.HomePage" name="basePageNavigation" time="34.097"/>
  <system-out/>
</testsuite> <!-- com.practice.qa.testcases.HomePage -->
